Determining if the pthread_create exist failed with the following output:
Change Dir: /home/these/catkin_ws/build/CMakeFiles/CMakeTmp

Run Build Command:"/usr/bin/make" "cmTC_ad0bb/fast"
/usr/bin/make -f CMakeFiles/cmTC_ad0bb.dir/build.make CMakeFiles/cmTC_ad0bb.dir/build
make[1]: ディレクトリ '/home/these/catkin_ws/build/CMakeFiles/CMakeTmp' に入ります
Building C object CMakeFiles/cmTC_ad0bb.dir/CheckSymbolExists.c.o
/usr/bin/cc    -o CMakeFiles/cmTC_ad0bb.dir/CheckSymbolExists.c.o   -c /home/these/catkin_ws/build/CMakeFiles/CMakeTmp/CheckSymbolExists.c
Linking C executable cmTC_ad0bb
/usr/bin/cmake -E cmake_link_script CMakeFiles/cmTC_ad0bb.dir/link.txt --verbose=1
/usr/bin/cc      -rdynamic CMakeFiles/cmTC_ad0bb.dir/CheckSymbolExists.c.o  -o cmTC_ad0bb 
CMakeFiles/cmTC_ad0bb.dir/CheckSymbolExists.c.o: 関数 `main' 内:
CheckSymbolExists.c:(.text+0x1b): `pthread_create' に対する定義されていない参照です
collect2: error: ld returned 1 exit status
CMakeFiles/cmTC_ad0bb.dir/build.make:97: recipe for target 'cmTC_ad0bb' failed
make[1]: *** [cmTC_ad0bb] Error 1
make[1]: ディレクトリ '/home/these/catkin_ws/build/CMakeFiles/CMakeTmp' から出ます
Makefile:126: recipe for target 'cmTC_ad0bb/fast' failed
make: *** [cmTC_ad0bb/fast] Error 2

File /home/these/catkin_ws/build/CMakeFiles/CMakeTmp/CheckSymbolExists.c:
/* */
#include <pthread.h>

int main(int argc, char** argv)
{
  (void)argv;
#ifndef pthread_create
  return ((int*)(&pthread_create))[argc];
#else
  (void)argc;
  return 0;
#endif
}

Determining if the function pthread_create exists in the pthreads failed with the following output:
Change Dir: /home/these/catkin_ws/build/CMakeFiles/CMakeTmp

Run Build Command:"/usr/bin/make" "cmTC_dcdea/fast"
/usr/bin/make -f CMakeFiles/cmTC_dcdea.dir/build.make CMakeFiles/cmTC_dcdea.dir/build
make[1]: ディレクトリ '/home/these/catkin_ws/build/CMakeFiles/CMakeTmp' に入ります
Building C object CMakeFiles/cmTC_dcdea.dir/CheckFunctionExists.c.o
/usr/bin/cc   -DCHECK_FUNCTION_EXISTS=pthread_create   -o CMakeFiles/cmTC_dcdea.dir/CheckFunctionExists.c.o   -c /usr/share/cmake-3.10/Modules/CheckFunctionExists.c
Linking C executable cmTC_dcdea
/usr/bin/cmake -E cmake_link_script CMakeFiles/cmTC_dcdea.dir/link.txt --verbose=1
/usr/bin/cc  -DCHECK_FUNCTION_EXISTS=pthread_create    -rdynamic CMakeFiles/cmTC_dcdea.dir/CheckFunctionExists.c.o  -o cmTC_dcdea -lpthreads 
/usr/bin/ld: -lpthreads が見つかりません
collect2: error: ld returned 1 exit status
CMakeFiles/cmTC_dcdea.dir/build.make:97: recipe for target 'cmTC_dcdea' failed
make[1]: *** [cmTC_dcdea] Error 1
make[1]: ディレクトリ '/home/these/catkin_ws/build/CMakeFiles/CMakeTmp' から出ます
Makefile:126: recipe for target 'cmTC_dcdea/fast' failed
make: *** [cmTC_dcdea/fast] Error 2


